Flow report for vhdl2
Fri Jul 14 21:48:39 2017
Quartus Prime Version 17.0.0 Build 595 04/25/2017 SJ Lite Edition


---------------------
; Table of Contents ;
---------------------
  1. Legal Notice
  2. Flow Summary
  3. Flow Settings
  4. Flow Non-Default Global Settings
  5. Flow Elapsed Time
  6. Flow OS Summary
  7. Flow Log
  8. Flow Messages
  9. Flow Suppressed Messages



----------------
; Legal Notice ;
----------------
Copyright (C) 2017  Intel Corporation. All rights reserved.
Your use of Intel Corporation's design tools, logic functions 
and other software and tools, and its AMPP partner logic 
functions, and any output files from any of the foregoing 
(including device programming or simulation files), and any 
associated documentation or information are expressly subject 
to the terms and conditions of the Intel Program License 
Subscription Agreement, the Intel Quartus Prime License Agreement,
the Intel MegaCore Function License Agreement, or other 
applicable license agreement, including, without limitation, 
that your use is for the sole purpose of programming logic 
devices manufactured by Intel and sold by Intel or its 
authorized distributors.  Please refer to the applicable 
agreement for further details.



+-------------------------------------------------------------------------------+
; Flow Summary                                                                  ;
+---------------------------------+---------------------------------------------+
; Flow Status                     ; Successful - Fri Jul 14 21:48:25 2017       ;
; Quartus Prime Version           ; 17.0.0 Build 595 04/25/2017 SJ Lite Edition ;
; Revision Name                   ; vhdl2                                       ;
; Top-level Entity Name           ; projeto_semaforo                            ;
; Family                          ; Cyclone V                                   ;
; Device                          ; 5CGXFC5C6F27C7                              ;
; Timing Models                   ; Final                                       ;
; Logic utilization (in ALMs)     ; 39 / 29,080 ( < 1 % )                       ;
; Total registers                 ; 63                                          ;
; Total pins                      ; 30 / 364 ( 8 % )                            ;
; Total virtual pins              ; 0                                           ;
; Total block memory bits         ; 0 / 4,567,040 ( 0 % )                       ;
; Total DSP Blocks                ; 0 / 150 ( 0 % )                             ;
; Total HSSI RX PCSs              ; 0 / 6 ( 0 % )                               ;
; Total HSSI PMA RX Deserializers ; 0 / 6 ( 0 % )                               ;
; Total HSSI TX PCSs              ; 0 / 6 ( 0 % )                               ;
; Total HSSI PMA TX Serializers   ; 0 / 6 ( 0 % )                               ;
; Total PLLs                      ; 0 / 12 ( 0 % )                              ;
; Total DLLs                      ; 0 / 4 ( 0 % )                               ;
+---------------------------------+---------------------------------------------+


+-----------------------------------------+
; Flow Settings                           ;
+-------------------+---------------------+
; Option            ; Setting             ;
+-------------------+---------------------+
; Start date & time ; 07/14/2017 21:46:31 ;
; Main task         ; Compilation         ;
; Revision Name     ; vhdl2               ;
+-------------------+---------------------+


+------------------------------------------------------------------------------------------------------------------------------+
; Flow Non-Default Global Settings                                                                                             ;
+-------------------------------------+----------------------------------------+---------------+------------------+------------+
; Assignment Name                     ; Value                                  ; Default Value ; Entity Name      ; Section Id ;
+-------------------------------------+----------------------------------------+---------------+------------------+------------+
; COMPILER_SIGNATURE_ID               ; 237841983222021.150007959104390        ; --            ; --               ; --         ;
; MAX_CORE_JUNCTION_TEMP              ; 85                                     ; --            ; --               ; --         ;
; MIN_CORE_JUNCTION_TEMP              ; 0                                      ; --            ; --               ; --         ;
; PARTITION_COLOR                     ; -- (Not supported for targeted family) ; --            ; projeto_semaforo ; Top        ;
; PARTITION_FITTER_PRESERVATION_LEVEL ; -- (Not supported for targeted family) ; --            ; projeto_semaforo ; Top        ;
; PARTITION_NETLIST_TYPE              ; -- (Not supported for targeted family) ; --            ; projeto_semaforo ; Top        ;
; POWER_BOARD_THERMAL_MODEL           ; None (CONSERVATIVE)                    ; --            ; --               ; --         ;
; POWER_PRESET_COOLING_SOLUTION       ; 23 MM HEAT SINK WITH 200 LFPM AIRFLOW  ; --            ; --               ; --         ;
; PROJECT_OUTPUT_DIRECTORY            ; output_files                           ; --            ; --               ; --         ;
; TOP_LEVEL_ENTITY                    ; projeto_semaforo                       ; vhdl2         ; --               ; --         ;
+-------------------------------------+----------------------------------------+---------------+------------------+------------+


+-------------------------------------------------------------------------------------------------------------------------------+
; Flow Elapsed Time                                                                                                             ;
+---------------------------+--------------+-------------------------+---------------------+------------------------------------+
; Module Name               ; Elapsed Time ; Average Processors Used ; Peak Virtual Memory ; Total CPU Time (on all processors) ;
+---------------------------+--------------+-------------------------+---------------------+------------------------------------+
; Analysis & Synthesis      ; 00:00:29     ; 1.0                     ; 1023 MB             ; 00:01:09                           ;
; Fitter                    ; 00:01:09     ; 1.0                     ; 1923 MB             ; 00:01:38                           ;
; Assembler                 ; 00:00:13     ; 1.0                     ; 970 MB              ; 00:00:13                           ;
; TimeQuest Timing Analyzer ; 00:00:12     ; 1.0                     ; 1179 MB             ; 00:00:13                           ;
; Total                     ; 00:02:03     ; --                      ; --                  ; 00:03:13                           ;
+---------------------------+--------------+-------------------------+---------------------+------------------------------------+


+-----------------------------------------------------------------------------------------+
; Flow OS Summary                                                                         ;
+---------------------------+------------------+------------+------------+----------------+
; Module Name               ; Machine Hostname ; OS Name    ; OS Version ; Processor type ;
+---------------------------+------------------+------------+------------+----------------+
; Analysis & Synthesis      ; Guilherme-ASUS   ; Arch Linux ; Arch Linux ; x86_64         ;
; Fitter                    ; Guilherme-ASUS   ; Arch Linux ; Arch Linux ; x86_64         ;
; Assembler                 ; Guilherme-ASUS   ; Arch Linux ; Arch Linux ; x86_64         ;
; TimeQuest Timing Analyzer ; Guilherme-ASUS   ; Arch Linux ; Arch Linux ; x86_64         ;
+---------------------------+------------------+------------+------------+----------------+


------------
; Flow Log ;
------------
quartus_map --read_settings_files=on --write_settings_files=off vhdl2 -c vhdl2
quartus_fit --read_settings_files=off --write_settings_files=off vhdl2 -c vhdl2
quartus_asm --read_settings_files=off --write_settings_files=off vhdl2 -c vhdl2
quartus_sta vhdl2 -c vhdl2



