Analysis & Synthesis report for vhdl2
Fri Jul 14 21:46:59 2017
Quartus Prime Version 17.0.0 Build 595 04/25/2017 SJ Lite Edition


---------------------
; Table of Contents ;
---------------------
  1. Legal Notice
  2. Analysis & Synthesis Summary
  3. Analysis & Synthesis Settings
  4. Parallel Compilation
  5. Analysis & Synthesis Source Files Read
  6. Analysis & Synthesis Resource Usage Summary
  7. Analysis & Synthesis Resource Utilization by Entity
  8. State Machine - |projeto_semaforo|pr_state
  9. User-Specified and Inferred Latches
 10. Registers Removed During Synthesis
 11. General Register Statistics
 12. Parameter Settings for User Entity Instance: Top-level Entity: |projeto_semaforo
 13. Post-Synthesis Netlist Statistics for Top Partition
 14. Elapsed Time Per Partition
 15. Analysis & Synthesis Messages



----------------
; Legal Notice ;
----------------
Copyright (C) 2017  Intel Corporation. All rights reserved.
Your use of Intel Corporation's design tools, logic functions 
and other software and tools, and its AMPP partner logic 
functions, and any output files from any of the foregoing 
(including device programming or simulation files), and any 
associated documentation or information are expressly subject 
to the terms and conditions of the Intel Program License 
Subscription Agreement, the Intel Quartus Prime License Agreement,
the Intel MegaCore Function License Agreement, or other 
applicable license agreement, including, without limitation, 
that your use is for the sole purpose of programming logic 
devices manufactured by Intel and sold by Intel or its 
authorized distributors.  Please refer to the applicable 
agreement for further details.



+-------------------------------------------------------------------------------+
; Analysis & Synthesis Summary                                                  ;
+---------------------------------+---------------------------------------------+
; Analysis & Synthesis Status     ; Successful - Fri Jul 14 21:46:59 2017       ;
; Quartus Prime Version           ; 17.0.0 Build 595 04/25/2017 SJ Lite Edition ;
; Revision Name                   ; vhdl2                                       ;
; Top-level Entity Name           ; projeto_semaforo                            ;
; Family                          ; Cyclone V                                   ;
; Logic utilization (in ALMs)     ; N/A                                         ;
; Total registers                 ; 47                                          ;
; Total pins                      ; 30                                          ;
; Total virtual pins              ; 0                                           ;
; Total block memory bits         ; 0                                           ;
; Total DSP Blocks                ; 0                                           ;
; Total HSSI RX PCSs              ; 0                                           ;
; Total HSSI PMA RX Deserializers ; 0                                           ;
; Total HSSI TX PCSs              ; 0                                           ;
; Total HSSI PMA TX Serializers   ; 0                                           ;
; Total PLLs                      ; 0                                           ;
; Total DLLs                      ; 0                                           ;
+---------------------------------+---------------------------------------------+


+---------------------------------------------------------------------------------------------------------------------------+
; Analysis & Synthesis Settings                                                                                             ;
+---------------------------------------------------------------------------------+--------------------+--------------------+
; Option                                                                          ; Setting            ; Default Value      ;
+---------------------------------------------------------------------------------+--------------------+--------------------+
; Device                                                                          ; 5CGXFC5C6F27C7     ;                    ;
; Top-level entity name                                                           ; projeto_semaforo   ; vhdl2              ;
; Family name                                                                     ; Cyclone V          ; Cyclone V          ;
; Use smart compilation                                                           ; Off                ; Off                ;
; Enable parallel Assembler and TimeQuest Timing Analyzer during compilation      ; On                 ; On                 ;
; Enable compact report table                                                     ; Off                ; Off                ;
; Restructure Multiplexers                                                        ; Auto               ; Auto               ;
; MLAB Add Timing Constraints For Mixed-Port Feed-Through Mode Setting Don't Care ; Off                ; Off                ;
; Create Debugging Nodes for IP Cores                                             ; Off                ; Off                ;
; Preserve fewer node names                                                       ; On                 ; On                 ;
; OpenCore Plus hardware evaluation                                               ; Enable             ; Enable             ;
; Verilog Version                                                                 ; Verilog_2001       ; Verilog_2001       ;
; VHDL Version                                                                    ; VHDL_1993          ; VHDL_1993          ;
; State Machine Processing                                                        ; Auto               ; Auto               ;
; Safe State Machine                                                              ; Off                ; Off                ;
; Extract Verilog State Machines                                                  ; On                 ; On                 ;
; Extract VHDL State Machines                                                     ; On                 ; On                 ;
; Ignore Verilog initial constructs                                               ; Off                ; Off                ;
; Iteration limit for constant Verilog loops                                      ; 5000               ; 5000               ;
; Iteration limit for non-constant Verilog loops                                  ; 250                ; 250                ;
; Add Pass-Through Logic to Inferred RAMs                                         ; On                 ; On                 ;
; Infer RAMs from Raw Logic                                                       ; On                 ; On                 ;
; Parallel Synthesis                                                              ; On                 ; On                 ;
; DSP Block Balancing                                                             ; Auto               ; Auto               ;
; NOT Gate Push-Back                                                              ; On                 ; On                 ;
; Power-Up Don't Care                                                             ; On                 ; On                 ;
; Remove Redundant Logic Cells                                                    ; Off                ; Off                ;
; Remove Duplicate Registers                                                      ; On                 ; On                 ;
; Ignore CARRY Buffers                                                            ; Off                ; Off                ;
; Ignore CASCADE Buffers                                                          ; Off                ; Off                ;
; Ignore GLOBAL Buffers                                                           ; Off                ; Off                ;
; Ignore ROW GLOBAL Buffers                                                       ; Off                ; Off                ;
; Ignore LCELL Buffers                                                            ; Off                ; Off                ;
; Ignore SOFT Buffers                                                             ; On                 ; On                 ;
; Limit AHDL Integers to 32 Bits                                                  ; Off                ; Off                ;
; Optimization Technique                                                          ; Balanced           ; Balanced           ;
; Carry Chain Length                                                              ; 70                 ; 70                 ;
; Auto Carry Chains                                                               ; On                 ; On                 ;
; Auto Open-Drain Pins                                                            ; On                 ; On                 ;
; Perform WYSIWYG Primitive Resynthesis                                           ; Off                ; Off                ;
; Auto ROM Replacement                                                            ; On                 ; On                 ;
; Auto RAM Replacement                                                            ; On                 ; On                 ;
; Auto DSP Block Replacement                                                      ; On                 ; On                 ;
; Auto Shift Register Replacement                                                 ; Auto               ; Auto               ;
; Allow Shift Register Merging across Hierarchies                                 ; Auto               ; Auto               ;
; Auto Clock Enable Replacement                                                   ; On                 ; On                 ;
; Strict RAM Replacement                                                          ; Off                ; Off                ;
; Allow Synchronous Control Signals                                               ; On                 ; On                 ;
; Force Use of Synchronous Clear Signals                                          ; Off                ; Off                ;
; Auto Resource Sharing                                                           ; Off                ; Off                ;
; Allow Any RAM Size For Recognition                                              ; Off                ; Off                ;
; Allow Any ROM Size For Recognition                                              ; Off                ; Off                ;
; Allow Any Shift Register Size For Recognition                                   ; Off                ; Off                ;
; Use LogicLock Constraints during Resource Balancing                             ; On                 ; On                 ;
; Ignore translate_off and synthesis_off directives                               ; Off                ; Off                ;
; Timing-Driven Synthesis                                                         ; On                 ; On                 ;
; Report Parameter Settings                                                       ; On                 ; On                 ;
; Report Source Assignments                                                       ; On                 ; On                 ;
; Report Connectivity Checks                                                      ; On                 ; On                 ;
; Ignore Maximum Fan-Out Assignments                                              ; Off                ; Off                ;
; Synchronization Register Chain Length                                           ; 3                  ; 3                  ;
; PowerPlay Power Optimization During Synthesis                                   ; Normal compilation ; Normal compilation ;
; HDL message level                                                               ; Level2             ; Level2             ;
; Suppress Register Optimization Related Messages                                 ; Off                ; Off                ;
; Number of Removed Registers Reported in Synthesis Report                        ; 5000               ; 5000               ;
; Number of Swept Nodes Reported in Synthesis Report                              ; 5000               ; 5000               ;
; Number of Inverted Registers Reported in Synthesis Report                       ; 100                ; 100                ;
; Clock MUX Protection                                                            ; On                 ; On                 ;
; Auto Gated Clock Conversion                                                     ; Off                ; Off                ;
; Block Design Naming                                                             ; Auto               ; Auto               ;
; SDC constraint protection                                                       ; Off                ; Off                ;
; Synthesis Effort                                                                ; Auto               ; Auto               ;
; Shift Register Replacement - Allow Asynchronous Clear Signal                    ; On                 ; On                 ;
; Pre-Mapping Resynthesis Optimization                                            ; Off                ; Off                ;
; Analysis & Synthesis Message Level                                              ; Medium             ; Medium             ;
; Disable Register Merging Across Hierarchies                                     ; Auto               ; Auto               ;
; Resource Aware Inference For Block RAM                                          ; On                 ; On                 ;
; Automatic Parallel Synthesis                                                    ; On                 ; On                 ;
; Partial Reconfiguration Bitstream ID                                            ; Off                ; Off                ;
+---------------------------------------------------------------------------------+--------------------+--------------------+


+------------------------------------------+
; Parallel Compilation                     ;
+----------------------------+-------------+
; Processors                 ; Number      ;
+----------------------------+-------------+
; Number detected on machine ; 4           ;
; Maximum allowed            ; 2           ;
;                            ;             ;
; Average used               ; 1.00        ;
; Maximum used               ; 2           ;
;                            ;             ;
; Usage by Processor         ; % Time Used ;
;     Processor 1            ; 100.0%      ;
;     Processor 2            ;   0.0%      ;
+----------------------------+-------------+


+------------------------------------------------------------------------------------------------------------------------------+
; Analysis & Synthesis Source Files Read                                                                                       ;
+----------------------------------+-----------------+-----------------+---------------------------------------------+---------+
; File Name with User-Entered Path ; Used in Netlist ; File Type       ; File Name with Absolute Path                ; Library ;
+----------------------------------+-----------------+-----------------+---------------------------------------------+---------+
; vhdl2.vhd                        ; yes             ; User VHDL File  ; /home/gui/Documentos/UFRRJ/Maltar/vhdl2.vhd ;         ;
+----------------------------------+-----------------+-----------------+---------------------------------------------+---------+


+---------------------------------------------------------+
; Analysis & Synthesis Resource Usage Summary             ;
+---------------------------------------------+-----------+
; Resource                                    ; Usage     ;
+---------------------------------------------+-----------+
; Estimate of Logic utilization (ALMs needed) ; 39        ;
;                                             ;           ;
; Combinational ALUT usage for logic          ; 69        ;
;     -- 7 input functions                    ; 0         ;
;     -- 6 input functions                    ; 7         ;
;     -- 5 input functions                    ; 9         ;
;     -- 4 input functions                    ; 3         ;
;     -- <=3 input functions                  ; 50        ;
;                                             ;           ;
; Dedicated logic registers                   ; 47        ;
;                                             ;           ;
; I/O pins                                    ; 30        ;
;                                             ;           ;
; Total DSP Blocks                            ; 0         ;
;                                             ;           ;
; Maximum fan-out node                        ; clk~input ;
; Maximum fan-out                             ; 40        ;
; Total fan-out                               ; 420       ;
; Average fan-out                             ; 2.36      ;
+---------------------------------------------+-----------+


+---------------------------------------------------------------------------------------------------------------------------------------------------------------------------------------------+
; Analysis & Synthesis Resource Utilization by Entity                                                                                                                                         ;
+----------------------------+---------------------+---------------------------+-------------------+------------+------+--------------+---------------------+------------------+--------------+
; Compilation Hierarchy Node ; Combinational ALUTs ; Dedicated Logic Registers ; Block Memory Bits ; DSP Blocks ; Pins ; Virtual Pins ; Full Hierarchy Name ; Entity Name      ; Library Name ;
+----------------------------+---------------------+---------------------------+-------------------+------------+------+--------------+---------------------+------------------+--------------+
; |projeto_semaforo          ; 69 (69)             ; 47 (47)                   ; 0                 ; 0          ; 30   ; 0            ; |projeto_semaforo   ; projeto_semaforo ; work         ;
+----------------------------+---------------------+---------------------------+-------------------+------------+------+--------------+---------------------+------------------+--------------+
Note: For table entries with two numbers listed, the numbers in parentheses indicate the number of resources of the given type used by the specific entity alone. The numbers listed outside of parentheses indicate the total resources of the given type used by the specific entity and all of its sub-entities in the hierarchy.


Encoding Type:  One-Hot
+---------------------------------------------------------------------------------------------------------------------------------------------------------------------------------------------------------------------------------------------------------------------------------------------------------------------------------------------------------------------------------+
; State Machine - |projeto_semaforo|pr_state                                                                                                                                                                                                                                                                                                                                      ;
+-------------------------------------------+-----------------------------------------+----------------------------------------+-------------------------------------+-----------------------+---------------------------+---------------------------+---------------------------+--------------------------+-------------------------------------------+-------------------------+
; Name                                      ; pr_state.eurico_vermelho_vermelho_verde ; pr_state.eurico_vermelho_amarelo_verde ; pr_state.eurico_amarelo_verde_verde ; pr_state.eurico_verde ; pr_state.eurico_vermelho3 ; pr_state.eurico_vermelho2 ; pr_state.eurico_vermelho1 ; pr_state.eurico_vermelho ; pr_state.eurico_vermelho_vermelho_amarelo ; pr_state.eurico_amarelo ;
+-------------------------------------------+-----------------------------------------+----------------------------------------+-------------------------------------+-----------------------+---------------------------+---------------------------+---------------------------+--------------------------+-------------------------------------------+-------------------------+
; pr_state.eurico_amarelo                   ; 0                                       ; 0                                      ; 0                                   ; 0                     ; 0                         ; 0                         ; 0                         ; 0                        ; 0                                         ; 0                       ;
; pr_state.eurico_vermelho_vermelho_amarelo ; 0                                       ; 0                                      ; 0                                   ; 0                     ; 0                         ; 0                         ; 0                         ; 0                        ; 1                                         ; 1                       ;
; pr_state.eurico_vermelho                  ; 0                                       ; 0                                      ; 0                                   ; 0                     ; 0                         ; 0                         ; 0                         ; 1                        ; 0                                         ; 1                       ;
; pr_state.eurico_vermelho1                 ; 0                                       ; 0                                      ; 0                                   ; 0                     ; 0                         ; 0                         ; 1                         ; 0                        ; 0                                         ; 1                       ;
; pr_state.eurico_vermelho2                 ; 0                                       ; 0                                      ; 0                                   ; 0                     ; 0                         ; 1                         ; 0                         ; 0                        ; 0                                         ; 1                       ;
; pr_state.eurico_vermelho3                 ; 0                                       ; 0                                      ; 0                                   ; 0                     ; 1                         ; 0                         ; 0                         ; 0                        ; 0                                         ; 1                       ;
; pr_state.eurico_verde                     ; 0                                       ; 0                                      ; 0                                   ; 1                     ; 0                         ; 0                         ; 0                         ; 0                        ; 0                                         ; 1                       ;
; pr_state.eurico_amarelo_verde_verde       ; 0                                       ; 0                                      ; 1                                   ; 0                     ; 0                         ; 0                         ; 0                         ; 0                        ; 0                                         ; 1                       ;
; pr_state.eurico_vermelho_amarelo_verde    ; 0                                       ; 1                                      ; 0                                   ; 0                     ; 0                         ; 0                         ; 0                         ; 0                        ; 0                                         ; 1                       ;
; pr_state.eurico_vermelho_vermelho_verde   ; 1                                       ; 0                                      ; 0                                   ; 0                     ; 0                         ; 0                         ; 0                         ; 0                        ; 0                                         ; 1                       ;
+-------------------------------------------+-----------------------------------------+----------------------------------------+-------------------------------------+-----------------------+---------------------------+---------------------------+---------------------------+--------------------------+-------------------------------------------+-------------------------+


+--------------------------------------------------------------------------------------------------------+
; User-Specified and Inferred Latches                                                                    ;
+-----------------------------------------------------+-------------------------+------------------------+
; Latch Name                                          ; Latch Enable Signal     ; Free of Timing Hazards ;
+-----------------------------------------------------+-------------------------+------------------------+
; r0$latch                                            ; pr_state.eurico_amarelo ; yes                    ;
; y0$latch                                            ; pr_state.eurico_amarelo ; yes                    ;
; g0$latch                                            ; pr_state.eurico_amarelo ; yes                    ;
; p1g$latch                                           ; pr_state.eurico_amarelo ; yes                    ;
; p2g$latch                                           ; pr_state.eurico_amarelo ; yes                    ;
; p3g$latch                                           ; pr_state.eurico_amarelo ; yes                    ;
; p4g$latch                                           ; pr_state.eurico_amarelo ; yes                    ;
; p5g$latch                                           ; pr_state.eurico_amarelo ; yes                    ;
; p1r$latch                                           ; pr_state.eurico_amarelo ; yes                    ;
; p2r$latch                                           ; pr_state.eurico_amarelo ; yes                    ;
; p3r$latch                                           ; pr_state.eurico_amarelo ; yes                    ;
; p4r$latch                                           ; pr_state.eurico_amarelo ; yes                    ;
; p5r$latch                                           ; pr_state.eurico_amarelo ; yes                    ;
; Number of user-specified and inferred latches = 13  ;                         ;                        ;
+-----------------------------------------------------+-------------------------+------------------------+
Note: All latches listed above may not be present at the end of synthesis due to various synthesis optimizations.


+--------------------------------------------------------------------------------+
; Registers Removed During Synthesis                                             ;
+---------------------------------------+----------------------------------------+
; Register name                         ; Reason for Removal                     ;
+---------------------------------------+----------------------------------------+
; pr_state.eurico_vermelho2             ; Merged with pr_state.eurico_vermelho1  ;
; pr_state.eurico_vermelho3             ; Merged with pr_state.eurico_vermelho1  ;
; pr_state.eurico_vermelho1             ; Stuck at GND due to stuck port data_in ;
; Total Number of Removed Registers = 3 ;                                        ;
+---------------------------------------+----------------------------------------+


+------------------------------------------------------+
; General Register Statistics                          ;
+----------------------------------------------+-------+
; Statistic                                    ; Value ;
+----------------------------------------------+-------+
; Total registers                              ; 47    ;
; Number of registers using Synchronous Clear  ; 31    ;
; Number of registers using Synchronous Load   ; 0     ;
; Number of registers using Asynchronous Clear ; 19    ;
; Number of registers using Asynchronous Load  ; 0     ;
; Number of registers using Clock Enable       ; 7     ;
; Number of registers using Preset             ; 0     ;
+----------------------------------------------+-------+


+----------------------------------------------------------------------------------+
; Parameter Settings for User Entity Instance: Top-level Entity: |projeto_semaforo ;
+--------------------------------+-------+-----------------------------------------+
; Parameter Name                 ; Value ; Type                                    ;
+--------------------------------+-------+-----------------------------------------+
; time_vermelho_vermelho_verde   ; 26    ; Signed Integer                          ;
; time_vermelho_vermelho_amarelo ; 24    ; Signed Integer                          ;
; time_vermelho                  ; 24    ; Signed Integer                          ;
; time_vermelho1                 ; 24    ; Signed Integer                          ;
; time_vermelho2                 ; 18    ; Signed Integer                          ;
; time_vermelho3                 ; 24    ; Signed Integer                          ;
; time_verde                     ; 16    ; Signed Integer                          ;
; time_amarelo_verde_verde       ; 18    ; Signed Integer                          ;
; time_vermelho_amarelo_verde    ; 24    ; Signed Integer                          ;
; timeTEST                       ; 6     ; Signed Integer                          ;
; timeMAX                        ; 2640  ; Signed Integer                          ;
+--------------------------------+-------+-----------------------------------------+
Note: In order to hide this table in the UI and the text report file, please set the "Show Parameter Settings in Synthesis Report" option in "Analysis and Synthesis Settings -> More Settings" to "Off".


+-----------------------------------------------------+
; Post-Synthesis Netlist Statistics for Top Partition ;
+-----------------------+-----------------------------+
; Type                  ; Count                       ;
+-----------------------+-----------------------------+
; arriav_ff             ; 47                          ;
;     CLR SCLR          ; 12                          ;
;     ENA CLR           ; 7                           ;
;     SCLR              ; 19                          ;
;     plain             ; 9                           ;
; arriav_io_obuf        ; 2                           ;
; arriav_lcell_comb     ; 74                          ;
;     arith             ; 31                          ;
;         1 data inputs ; 31                          ;
;     normal            ; 43                          ;
;         1 data inputs ; 5                           ;
;         2 data inputs ; 5                           ;
;         3 data inputs ; 14                          ;
;         4 data inputs ; 3                           ;
;         5 data inputs ; 9                           ;
;         6 data inputs ; 7                           ;
; boundary_port         ; 30                          ;
;                       ;                             ;
; Max LUT depth         ; 4.00                        ;
; Average LUT depth     ; 2.24                        ;
+-----------------------+-----------------------------+


+-------------------------------+
; Elapsed Time Per Partition    ;
+----------------+--------------+
; Partition Name ; Elapsed Time ;
+----------------+--------------+
; Top            ; 00:00:00     ;
+----------------+--------------+


+-------------------------------+
; Analysis & Synthesis Messages ;
+-------------------------------+
Info: *******************************************************************
Info: Running Quartus Prime Analysis & Synthesis
    Info: Version 17.0.0 Build 595 04/25/2017 SJ Lite Edition
    Info: Processing started: Fri Jul 14 21:46:30 2017
Info: Command: quartus_map --read_settings_files=on --write_settings_files=off vhdl2 -c vhdl2
Warning (18236): Number of processors has not been specified which may cause overloading on shared machines.  Set the global assignment NUM_PARALLEL_PROCESSORS in your QSF to an appropriate value for best performance.
Info (20030): Parallel compilation is enabled and will use 2 of the 2 processors detected
Info (12021): Found 2 design units, including 1 entities, in source file vhdl2.vhd
    Info (12022): Found design unit 1: projeto_semaforo-fsm File: /home/gui/Documentos/UFRRJ/Maltar/vhdl2.vhd Line: 40
    Info (12023): Found entity 1: projeto_semaforo File: /home/gui/Documentos/UFRRJ/Maltar/vhdl2.vhd Line: 7
Info (12021): Found 2 design units, including 1 entities, in source file Vhdl1.vhd
    Info (12022): Found design unit 1: Vhdl1-divisor File: /home/gui/Documentos/UFRRJ/Maltar/Vhdl1.vhd Line: 12
    Info (12023): Found entity 1: Vhdl1 File: /home/gui/Documentos/UFRRJ/Maltar/Vhdl1.vhd Line: 7
Info (12127): Elaborating entity "projeto_semaforo" for the top level hierarchy
Warning (10036): Verilog HDL or VHDL warning at vhdl2.vhd(49): object "ps2" assigned a value but never read File: /home/gui/Documentos/UFRRJ/Maltar/vhdl2.vhd Line: 49
Warning (10036): Verilog HDL or VHDL warning at vhdl2.vhd(49): object "ps4" assigned a value but never read File: /home/gui/Documentos/UFRRJ/Maltar/vhdl2.vhd Line: 49
Warning (10036): Verilog HDL or VHDL warning at vhdl2.vhd(49): object "ps5" assigned a value but never read File: /home/gui/Documentos/UFRRJ/Maltar/vhdl2.vhd Line: 49
Warning (10492): VHDL Process Statement warning at vhdl2.vhd(82): signal "stby" is read inside the Process Statement but isn't in the Process Statement's sensitivity list File: /home/gui/Documentos/UFRRJ/Maltar/vhdl2.vhd Line: 82
Warning (10492): VHDL Process Statement warning at vhdl2.vhd(168): signal "ps1" is read inside the Process Statement but isn't in the Process Statement's sensitivity list File: /home/gui/Documentos/UFRRJ/Maltar/vhdl2.vhd Line: 168
Warning (10492): VHDL Process Statement warning at vhdl2.vhd(169): signal "nclk1" is read inside the Process Statement but isn't in the Process Statement's sensitivity list File: /home/gui/Documentos/UFRRJ/Maltar/vhdl2.vhd Line: 169
Warning (10492): VHDL Process Statement warning at vhdl2.vhd(170): signal "nclk1" is read inside the Process Statement but isn't in the Process Statement's sensitivity list File: /home/gui/Documentos/UFRRJ/Maltar/vhdl2.vhd Line: 170
Warning (10492): VHDL Process Statement warning at vhdl2.vhd(190): signal "ps1" is read inside the Process Statement but isn't in the Process Statement's sensitivity list File: /home/gui/Documentos/UFRRJ/Maltar/vhdl2.vhd Line: 190
Warning (10492): VHDL Process Statement warning at vhdl2.vhd(191): signal "nclk1" is read inside the Process Statement but isn't in the Process Statement's sensitivity list File: /home/gui/Documentos/UFRRJ/Maltar/vhdl2.vhd Line: 191
Warning (10492): VHDL Process Statement warning at vhdl2.vhd(192): signal "nclk1" is read inside the Process Statement but isn't in the Process Statement's sensitivity list File: /home/gui/Documentos/UFRRJ/Maltar/vhdl2.vhd Line: 192
Warning (10492): VHDL Process Statement warning at vhdl2.vhd(193): signal "nclk1" is read inside the Process Statement but isn't in the Process Statement's sensitivity list File: /home/gui/Documentos/UFRRJ/Maltar/vhdl2.vhd Line: 193
Warning (10492): VHDL Process Statement warning at vhdl2.vhd(194): signal "nclk1" is read inside the Process Statement but isn't in the Process Statement's sensitivity list File: /home/gui/Documentos/UFRRJ/Maltar/vhdl2.vhd Line: 194
Warning (10492): VHDL Process Statement warning at vhdl2.vhd(195): signal "nclk1" is read inside the Process Statement but isn't in the Process Statement's sensitivity list File: /home/gui/Documentos/UFRRJ/Maltar/vhdl2.vhd Line: 195
Warning (10492): VHDL Process Statement warning at vhdl2.vhd(214): signal "ps3" is read inside the Process Statement but isn't in the Process Statement's sensitivity list File: /home/gui/Documentos/UFRRJ/Maltar/vhdl2.vhd Line: 214
Warning (10492): VHDL Process Statement warning at vhdl2.vhd(215): signal "nclk1" is read inside the Process Statement but isn't in the Process Statement's sensitivity list File: /home/gui/Documentos/UFRRJ/Maltar/vhdl2.vhd Line: 215
Warning (10492): VHDL Process Statement warning at vhdl2.vhd(216): signal "nclk1" is read inside the Process Statement but isn't in the Process Statement's sensitivity list File: /home/gui/Documentos/UFRRJ/Maltar/vhdl2.vhd Line: 216
Warning (10631): VHDL Process Statement warning at vhdl2.vhd(95): inferring latch(es) for signal or variable "r0", which holds its previous value in one or more paths through the process File: /home/gui/Documentos/UFRRJ/Maltar/vhdl2.vhd Line: 95
Warning (10631): VHDL Process Statement warning at vhdl2.vhd(95): inferring latch(es) for signal or variable "y0", which holds its previous value in one or more paths through the process File: /home/gui/Documentos/UFRRJ/Maltar/vhdl2.vhd Line: 95
Warning (10631): VHDL Process Statement warning at vhdl2.vhd(95): inferring latch(es) for signal or variable "g0", which holds its previous value in one or more paths through the process File: /home/gui/Documentos/UFRRJ/Maltar/vhdl2.vhd Line: 95
Warning (10631): VHDL Process Statement warning at vhdl2.vhd(95): inferring latch(es) for signal or variable "p1g", which holds its previous value in one or more paths through the process File: /home/gui/Documentos/UFRRJ/Maltar/vhdl2.vhd Line: 95
Warning (10631): VHDL Process Statement warning at vhdl2.vhd(95): inferring latch(es) for signal or variable "p1r", which holds its previous value in one or more paths through the process File: /home/gui/Documentos/UFRRJ/Maltar/vhdl2.vhd Line: 95
Warning (10631): VHDL Process Statement warning at vhdl2.vhd(95): inferring latch(es) for signal or variable "ps1", which holds its previous value in one or more paths through the process File: /home/gui/Documentos/UFRRJ/Maltar/vhdl2.vhd Line: 95
Warning (10631): VHDL Process Statement warning at vhdl2.vhd(95): inferring latch(es) for signal or variable "p2g", which holds its previous value in one or more paths through the process File: /home/gui/Documentos/UFRRJ/Maltar/vhdl2.vhd Line: 95
Warning (10631): VHDL Process Statement warning at vhdl2.vhd(95): inferring latch(es) for signal or variable "p2r", which holds its previous value in one or more paths through the process File: /home/gui/Documentos/UFRRJ/Maltar/vhdl2.vhd Line: 95
Warning (10631): VHDL Process Statement warning at vhdl2.vhd(95): inferring latch(es) for signal or variable "p3g", which holds its previous value in one or more paths through the process File: /home/gui/Documentos/UFRRJ/Maltar/vhdl2.vhd Line: 95
Warning (10631): VHDL Process Statement warning at vhdl2.vhd(95): inferring latch(es) for signal or variable "p3r", which holds its previous value in one or more paths through the process File: /home/gui/Documentos/UFRRJ/Maltar/vhdl2.vhd Line: 95
Warning (10631): VHDL Process Statement warning at vhdl2.vhd(95): inferring latch(es) for signal or variable "ps3", which holds its previous value in one or more paths through the process File: /home/gui/Documentos/UFRRJ/Maltar/vhdl2.vhd Line: 95
Warning (10631): VHDL Process Statement warning at vhdl2.vhd(95): inferring latch(es) for signal or variable "p4g", which holds its previous value in one or more paths through the process File: /home/gui/Documentos/UFRRJ/Maltar/vhdl2.vhd Line: 95
Warning (10631): VHDL Process Statement warning at vhdl2.vhd(95): inferring latch(es) for signal or variable "p4r", which holds its previous value in one or more paths through the process File: /home/gui/Documentos/UFRRJ/Maltar/vhdl2.vhd Line: 95
Warning (10631): VHDL Process Statement warning at vhdl2.vhd(95): inferring latch(es) for signal or variable "p5g", which holds its previous value in one or more paths through the process File: /home/gui/Documentos/UFRRJ/Maltar/vhdl2.vhd Line: 95
Warning (10631): VHDL Process Statement warning at vhdl2.vhd(95): inferring latch(es) for signal or variable "p5r", which holds its previous value in one or more paths through the process File: /home/gui/Documentos/UFRRJ/Maltar/vhdl2.vhd Line: 95
Info (10041): Inferred latch for "p5r" at vhdl2.vhd(95) File: /home/gui/Documentos/UFRRJ/Maltar/vhdl2.vhd Line: 95
Info (10041): Inferred latch for "p5g" at vhdl2.vhd(95) File: /home/gui/Documentos/UFRRJ/Maltar/vhdl2.vhd Line: 95
Info (10041): Inferred latch for "p4r" at vhdl2.vhd(95) File: /home/gui/Documentos/UFRRJ/Maltar/vhdl2.vhd Line: 95
Info (10041): Inferred latch for "p4g" at vhdl2.vhd(95) File: /home/gui/Documentos/UFRRJ/Maltar/vhdl2.vhd Line: 95
Info (10041): Inferred latch for "p3r" at vhdl2.vhd(95) File: /home/gui/Documentos/UFRRJ/Maltar/vhdl2.vhd Line: 95
Info (10041): Inferred latch for "p3g" at vhdl2.vhd(95) File: /home/gui/Documentos/UFRRJ/Maltar/vhdl2.vhd Line: 95
Info (10041): Inferred latch for "p2r" at vhdl2.vhd(95) File: /home/gui/Documentos/UFRRJ/Maltar/vhdl2.vhd Line: 95
Info (10041): Inferred latch for "p2g" at vhdl2.vhd(95) File: /home/gui/Documentos/UFRRJ/Maltar/vhdl2.vhd Line: 95
Info (10041): Inferred latch for "ps1" at vhdl2.vhd(95) File: /home/gui/Documentos/UFRRJ/Maltar/vhdl2.vhd Line: 95
Info (10041): Inferred latch for "p1r" at vhdl2.vhd(95) File: /home/gui/Documentos/UFRRJ/Maltar/vhdl2.vhd Line: 95
Info (10041): Inferred latch for "p1g" at vhdl2.vhd(95) File: /home/gui/Documentos/UFRRJ/Maltar/vhdl2.vhd Line: 95
Info (10041): Inferred latch for "g0" at vhdl2.vhd(95) File: /home/gui/Documentos/UFRRJ/Maltar/vhdl2.vhd Line: 95
Info (10041): Inferred latch for "y0" at vhdl2.vhd(95) File: /home/gui/Documentos/UFRRJ/Maltar/vhdl2.vhd Line: 95
Info (10041): Inferred latch for "r0" at vhdl2.vhd(95) File: /home/gui/Documentos/UFRRJ/Maltar/vhdl2.vhd Line: 95
Warning (13034): The following nodes have both tri-state and non-tri-state drivers
    Warning (13035): Inserted always-enabled tri-state buffer between "nclk" and its non-tri-state driver. File: /home/gui/Documentos/UFRRJ/Maltar/vhdl2.vhd Line: 33
    Warning (13035): Inserted always-enabled tri-state buffer between "nclk1" and its non-tri-state driver. File: /home/gui/Documentos/UFRRJ/Maltar/vhdl2.vhd Line: 33
Info (13060): One or more bidirectional pins are fed by always enabled tri-state buffers
    Info (13061): Fan-out of permanently enabled tri-state buffer feeding bidirectional pin "nclk" is moved to its source File: /home/gui/Documentos/UFRRJ/Maltar/vhdl2.vhd Line: 33
Info (13025): Duplicate LATCH primitives merged into single LATCH primitive
    Info (13026): Duplicate LATCH primitive "p5g$latch" merged with LATCH primitive "p2g$latch" File: /home/gui/Documentos/UFRRJ/Maltar/vhdl2.vhd Line: 95
    Info (13026): Duplicate LATCH primitive "p3g$latch" merged with LATCH primitive "p2g$latch" File: /home/gui/Documentos/UFRRJ/Maltar/vhdl2.vhd Line: 95
    Info (13026): Duplicate LATCH primitive "p4g$latch" merged with LATCH primitive "p2g$latch" File: /home/gui/Documentos/UFRRJ/Maltar/vhdl2.vhd Line: 95
    Info (13026): Duplicate LATCH primitive "p5r$latch" merged with LATCH primitive "p2r$latch" File: /home/gui/Documentos/UFRRJ/Maltar/vhdl2.vhd Line: 95
    Info (13026): Duplicate LATCH primitive "p4r$latch" merged with LATCH primitive "p3r$latch" File: /home/gui/Documentos/UFRRJ/Maltar/vhdl2.vhd Line: 95
Warning (13009): TRI or OPNDRN buffers permanently enabled
    Warning (13010): Node "nclk~synth" File: /home/gui/Documentos/UFRRJ/Maltar/vhdl2.vhd Line: 33
    Warning (13010): Node "nclk1~synth" File: /home/gui/Documentos/UFRRJ/Maltar/vhdl2.vhd Line: 33
Info (286030): Timing-Driven Synthesis is running
Info (16010): Generating hard_block partition "hard_block:auto_generated_inst"
    Info (16011): Adding 0 node(s), including 0 DDIO, 0 PLL, 0 transceiver and 0 LCELL
Info (21057): Implemented 119 device resources after synthesis - the final resource count might be different
    Info (21058): Implemented 3 input pins
    Info (21059): Implemented 25 output pins
    Info (21060): Implemented 2 bidirectional pins
    Info (21061): Implemented 89 logic cells
Info: Quartus Prime Analysis & Synthesis was successful. 0 errors, 38 warnings
    Info: Peak virtual memory: 1032 megabytes
    Info: Processing ended: Fri Jul 14 21:46:59 2017
    Info: Elapsed time: 00:00:29
    Info: Total CPU time (on all processors): 00:01:09


